# JRE version: Java(TM) SE Runtime Environment (8.0_221-b11) (build 1.8.0_221-b11)
# Java VM: Java HotSpot(TM) 64-Bit Server VM (25.221-b11 mixed mode windows-amd64 compressed oops)
Heap:
 PSYoungGen      total 196096K, used 53543K [0x00000000d5580000, 0x00000000e2a80000, 0x0000000100000000)
  eden space 183296K, 22% used [0x00000000d5580000,0x00000000d7d4aa68,0x00000000e0880000)
  from space 12800K, 99% used [0x00000000e1300000,0x00000000e1f7f498,0x00000000e1f80000)
  to   space 11264K, 0% used [0x00000000e1f80000,0x00000000e1f80000,0x00000000e2a80000)
 ParOldGen       total 86016K, used 27157K [0x0000000080000000, 0x0000000085400000, 0x00000000d5580000)
  object space 86016K, 31% used [0x0000000080000000,0x0000000081a85640,0x0000000085400000)
 Metaspace       used 56162K, capacity 58868K, committed 59008K, reserved 1099776K
  class space    used 7524K, capacity 8005K, committed 8064K, reserved 1048576K
GC Heap History (10 events):
Event: 7.718 GC heap before
{Heap before GC invocations=11 (full 1):
 PSYoungGen      total 114688K, used 110484K [0x00000000d5580000, 0x00000000df680000, 0x0000000100000000)
  eden space 106496K, 100% used [0x00000000d5580000,0x00000000dbd80000,0x00000000dbd80000)
  from space 8192K, 48% used [0x00000000dbd80000,0x00000000dc165030,0x00000000dc580000)
  to   space 8192K, 0% used [0x00000000dee80000,0x00000000dee80000,0x00000000df680000)
 ParOldGen       total 53248K, used 7446K [0x0000000080000000, 0x0000000083400000, 0x00000000d5580000)
  object space 53248K, 13% used [0x0000000080000000,0x0000000080745aa0,0x0000000083400000)
 Metaspace       used 26038K, capacity 27120K, committed 27264K, reserved 1073152K
  class space    used 3383K, capacity 3603K, committed 3712K, reserved 1048576K
Event: 7.726 GC heap after
Heap after GC invocations=11 (full 1):
 PSYoungGen      total 153600K, used 3029K [0x00000000d5580000, 0x00000000df500000, 0x0000000100000000)
  eden space 146944K, 0% used [0x00000000d5580000,0x00000000d5580000,0x00000000de500000)
  from space 6656K, 45% used [0x00000000dee80000,0x00000000df1757c0,0x00000000df500000)
  to   space 8192K, 0% used [0x00000000de500000,0x00000000de500000,0x00000000ded00000)
 ParOldGen       total 53248K, used 9352K [0x0000000080000000, 0x0000000083400000, 0x00000000d5580000)
  object space 53248K, 17% used [0x0000000080000000,0x0000000080922218,0x0000000083400000)
 Metaspace       used 26038K, capacity 27120K, committed 27264K, reserved 1073152K
  class space    used 3383K, capacity 3603K, committed 3712K, reserved 1048576K
}
Event: 13.049 GC heap before
{Heap before GC invocations=12 (full 1):
 PSYoungGen      total 153600K, used 113451K [0x00000000d5580000, 0x00000000df500000, 0x0000000100000000)
  eden space 146944K, 75% used [0x00000000d5580000,0x00000000dc155798,0x00000000de500000)
  from space 6656K, 45% used [0x00000000dee80000,0x00000000df1757c0,0x00000000df500000)
  to   space 8192K, 0% used [0x00000000de500000,0x00000000de500000,0x00000000ded00000)
 ParOldGen       total 53248K, used 9352K [0x0000000080000000, 0x0000000083400000, 0x00000000d5580000)
  object space 53248K, 17% used [0x0000000080000000,0x0000000080922218,0x0000000083400000)
 Metaspace       used 33715K, capacity 35338K, committed 35496K, reserved 1079296K
  class space    used 4453K, capacity 4760K, committed 4864K, reserved 1048576K
Event: 13.068 GC heap after
Heap after GC invocations=12 (full 1):
 PSYoungGen      total 155136K, used 8162K [0x00000000d5580000, 0x00000000e2c00000, 0x0000000100000000)
  eden space 146944K, 0% used [0x00000000d5580000,0x00000000d5580000,0x00000000de500000)
  from space 8192K, 99% used [0x00000000de500000,0x00000000decf8a00,0x00000000ded00000)
  to   space 10752K, 0% used [0x00000000e2180000,0x00000000e2180000,0x00000000e2c00000)
 ParOldGen       total 53248K, used 12983K [0x0000000080000000, 0x0000000083400000, 0x00000000d5580000)
  object space 53248K, 24% used [0x0000000080000000,0x0000000080cadf50,0x0000000083400000)
 Metaspace       used 33715K, capacity 35338K, committed 35496K, reserved 1079296K
  class space    used 4453K, capacity 4760K, committed 4864K, reserved 1048576K
}
Event: 13.068 GC heap before
{Heap before GC invocations=13 (full 2):
 PSYoungGen      total 155136K, used 8162K [0x00000000d5580000, 0x00000000e2c00000, 0x0000000100000000)
  eden space 146944K, 0% used [0x00000000d5580000,0x00000000d5580000,0x00000000de500000)
  from space 8192K, 99% used [0x00000000de500000,0x00000000decf8a00,0x00000000ded00000)
  to   space 10752K, 0% used [0x00000000e2180000,0x00000000e2180000,0x00000000e2c00000)
 ParOldGen       total 53248K, used 12983K [0x0000000080000000, 0x0000000083400000, 0x00000000d5580000)
  object space 53248K, 24% used [0x0000000080000000,0x0000000080cadf50,0x0000000083400000)
 Metaspace       used 33715K, capacity 35338K, committed 35496K, reserved 1079296K
  class space    used 4453K, capacity 4760K, committed 4864K, reserved 1048576K
Event: 13.164 GC heap after
Heap after GC invocations=13 (full 2):
 PSYoungGen      total 155136K, used 0K [0x00000000d5580000, 0x00000000e2c00000, 0x0000000100000000)
  eden space 146944K, 0% used [0x00000000d5580000,0x00000000d5580000,0x00000000de500000)
  from space 8192K, 0% used [0x00000000de500000,0x00000000de500000,0x00000000ded00000)
  to   space 10752K, 0% used [0x00000000e2180000,0x00000000e2180000,0x00000000e2c00000)
 ParOldGen       total 86016K, used 17729K [0x0000000080000000, 0x0000000085400000, 0x00000000d5580000)
  object space 86016K, 20% used [0x0000000080000000,0x0000000081150440,0x0000000085400000)
 Metaspace       used 33715K, capacity 35338K, committed 35496K, reserved 1079296K
  class space    used 4453K, capacity 4760K, committed 4864K, reserved 1048576K
}
Event: 18.712 GC heap before
{Heap before GC invocations=14 (full 2):
 PSYoungGen      total 155136K, used 146944K [0x00000000d5580000, 0x00000000e2c00000, 0x0000000100000000)
  eden space 146944K, 100% used [0x00000000d5580000,0x00000000de500000,0x00000000de500000)
  from space 8192K, 0% used [0x00000000de500000,0x00000000de500000,0x00000000ded00000)
  to   space 10752K, 0% used [0x00000000e2180000,0x00000000e2180000,0x00000000e2c00000)
 ParOldGen       total 86016K, used 17729K [0x0000000080000000, 0x0000000085400000, 0x00000000d5580000)
  object space 86016K, 20% used [0x0000000080000000,0x0000000081150440,0x0000000085400000)
 Metaspace       used 42038K, capacity 43998K, committed 44160K, reserved 1087488K
  class space    used 5832K, capacity 6212K, committed 6272K, reserved 1048576K
Event: 18.733 GC heap after
Heap after GC invocations=14 (full 2):
 PSYoungGen      total 200704K, used 10720K [0x00000000d5580000, 0x00000000e2c00000, 0x0000000100000000)
  eden space 189952K, 0% used [0x00000000d5580000,0x00000000d5580000,0x00000000e0f00000)
  from space 10752K, 99% used [0x00000000e2180000,0x00000000e2bf82c8,0x00000000e2c00000)
  to   space 12800K, 0% used [0x00000000e1300000,0x00000000e1300000,0x00000000e1f80000)
 ParOldGen       total 86016K, used 20141K [0x0000000080000000, 0x0000000085400000, 0x00000000d5580000)
  object space 86016K, 23% used [0x0000000080000000,0x00000000813ab648,0x0000000085400000)
 Metaspace       used 42038K, capacity 43998K, committed 44160K, reserved 1087488K
  class space    used 5832K, capacity 6212K, committed 6272K, reserved 1048576K
}
Event: 925.162 GC heap before
{Heap before GC invocations=15 (full 2):
 PSYoungGen      total 200704K, used 200672K [0x00000000d5580000, 0x00000000e2c00000, 0x0000000100000000)
  eden space 189952K, 100% used [0x00000000d5580000,0x00000000e0f00000,0x00000000e0f00000)
  from space 10752K, 99% used [0x00000000e2180000,0x00000000e2bf82c8,0x00000000e2c00000)
  to   space 12800K, 0% used [0x00000000e1300000,0x00000000e1300000,0x00000000e1f80000)
 ParOldGen       total 86016K, used 20141K [0x0000000080000000, 0x0000000085400000, 0x00000000d5580000)
  object space 86016K, 23% used [0x0000000080000000,0x00000000813ab648,0x0000000085400000)
 Metaspace       used 55338K, capacity 58058K, committed 58240K, reserved 1099776K
  class space    used 7522K, capacity 7972K, committed 8064K, reserved 1048576K
Event: 925.194 GC heap after
Heap after GC invocations=15 (full 2):
 PSYoungGen      total 196096K, used 12797K [0x00000000d5580000, 0x00000000e2a80000, 0x0000000100000000)
  eden space 183296K, 0% used [0x00000000d5580000,0x00000000d5580000,0x00000000e0880000)
  from space 12800K, 99% used [0x00000000e1300000,0x00000000e1f7f498,0x00000000e1f80000)
  to   space 11264K, 0% used [0x00000000e1f80000,0x00000000e1f80000,0x00000000e2a80000)
 ParOldGen       total 86016K, used 27157K [0x0000000080000000, 0x0000000085400000, 0x00000000d5580000)
  object space 86016K, 31% used [0x0000000080000000,0x0000000081a85640,0x0000000085400000)
 Metaspace       used 55338K, capacity 58058K, committed 58240K, reserved 1099776K
  class space    used 7522K, capacity 7972K, committed 8064K, reserved 1048576K
}

