# JRE version: Java(TM) SE Runtime Environment (8.0_221-b11) (build 1.8.0_221-b11)
# Java VM: Java HotSpot(TM) 64-Bit Server VM (25.221-b11 mixed mode windows-amd64 compressed oops)
Heap:
 PSYoungGen      total 282624K, used 39310K [0x00000000d5580000, 0x00000000e8200000, 0x0000000100000000)
  eden space 275456K, 14% used [0x00000000d5580000,0x00000000d7be3990,0x00000000e6280000)
  from space 7168K, 0% used [0x00000000e7b00000,0x00000000e7b00000,0x00000000e8200000)
  to   space 15360K, 0% used [0x00000000e6400000,0x00000000e6400000,0x00000000e7300000)
 ParOldGen       total 122880K, used 20518K [0x0000000080000000, 0x0000000087800000, 0x00000000d5580000)
  object space 122880K, 16% used [0x0000000080000000,0x0000000081409ba0,0x0000000087800000)
 Metaspace       used 56169K, capacity 58730K, committed 59264K, reserved 1099776K
  class space    used 7485K, capacity 7908K, committed 8064K, reserved 1048576K
GC Heap History (10 events):
Event: 7.463 GC heap before
{Heap before GC invocations=11 (full 1):
 PSYoungGen      total 176128K, used 92924K [0x00000000d5580000, 0x00000000e4300000, 0x0000000100000000)
  eden space 167424K, 52% used [0x00000000d5580000,0x00000000daab0370,0x00000000df900000)
  from space 8704K, 65% used [0x00000000df900000,0x00000000dfe8ef18,0x00000000e0180000)
  to   space 8704K, 0% used [0x00000000e3a80000,0x00000000e3a80000,0x00000000e4300000)
 ParOldGen       total 59904K, used 11737K [0x0000000080000000, 0x0000000083a80000, 0x00000000d5580000)
  object space 59904K, 19% used [0x0000000080000000,0x0000000080b76440,0x0000000083a80000)
 Metaspace       used 33693K, capacity 35384K, committed 35496K, reserved 1079296K
  class space    used 4440K, capacity 4755K, committed 4864K, reserved 1048576K
Event: 7.483 GC heap after
Heap after GC invocations=11 (full 1):
 PSYoungGen      total 232960K, used 8690K [0x00000000d5580000, 0x00000000e4480000, 0x0000000100000000)
  eden space 224256K, 0% used [0x00000000d5580000,0x00000000d5580000,0x00000000e3080000)
  from space 8704K, 99% used [0x00000000e3a80000,0x00000000e42fc978,0x00000000e4300000)
  to   space 10240K, 0% used [0x00000000e3080000,0x00000000e3080000,0x00000000e3a80000)
 ParOldGen       total 59904K, used 13988K [0x0000000080000000, 0x0000000083a80000, 0x00000000d5580000)
  object space 59904K, 23% used [0x0000000080000000,0x0000000080da9310,0x0000000083a80000)
 Metaspace       used 33693K, capacity 35384K, committed 35496K, reserved 1079296K
  class space    used 4440K, capacity 4755K, committed 4864K, reserved 1048576K
}
Event: 7.483 GC heap before
{Heap before GC invocations=12 (full 2):
 PSYoungGen      total 232960K, used 8690K [0x00000000d5580000, 0x00000000e4480000, 0x0000000100000000)
  eden space 224256K, 0% used [0x00000000d5580000,0x00000000d5580000,0x00000000e3080000)
  from space 8704K, 99% used [0x00000000e3a80000,0x00000000e42fc978,0x00000000e4300000)
  to   space 10240K, 0% used [0x00000000e3080000,0x00000000e3080000,0x00000000e3a80000)
 ParOldGen       total 59904K, used 13988K [0x0000000080000000, 0x0000000083a80000, 0x00000000d5580000)
  object space 59904K, 23% used [0x0000000080000000,0x0000000080da9310,0x0000000083a80000)
 Metaspace       used 33693K, capacity 35384K, committed 35496K, reserved 1079296K
  class space    used 4440K, capacity 4755K, committed 4864K, reserved 1048576K
Event: 7.583 GC heap after
Heap after GC invocations=12 (full 2):
 PSYoungGen      total 232960K, used 0K [0x00000000d5580000, 0x00000000e4480000, 0x0000000100000000)
  eden space 224256K, 0% used [0x00000000d5580000,0x00000000d5580000,0x00000000e3080000)
  from space 8704K, 0% used [0x00000000e3a80000,0x00000000e3a80000,0x00000000e4300000)
  to   space 10240K, 0% used [0x00000000e3080000,0x00000000e3080000,0x00000000e3a80000)
 ParOldGen       total 90624K, used 16509K [0x0000000080000000, 0x0000000085880000, 0x00000000d5580000)
  object space 90624K, 18% used [0x0000000080000000,0x000000008101f628,0x0000000085880000)
 Metaspace       used 33693K, capacity 35384K, committed 35496K, reserved 1079296K
  class space    used 4440K, capacity 4755K, committed 4864K, reserved 1048576K
}
Event: 12.340 GC heap before
{Heap before GC invocations=13 (full 2):
 PSYoungGen      total 232960K, used 224256K [0x00000000d5580000, 0x00000000e4480000, 0x0000000100000000)
  eden space 224256K, 100% used [0x00000000d5580000,0x00000000e3080000,0x00000000e3080000)
  from space 8704K, 0% used [0x00000000e3a80000,0x00000000e3a80000,0x00000000e4300000)
  to   space 10240K, 0% used [0x00000000e3080000,0x00000000e3080000,0x00000000e3a80000)
 ParOldGen       total 90624K, used 16509K [0x0000000080000000, 0x0000000085880000, 0x00000000d5580000)
  object space 90624K, 18% used [0x0000000080000000,0x000000008101f628,0x0000000085880000)
 Metaspace       used 49487K, capacity 51868K, committed 52096K, reserved 1093632K
  class space    used 6829K, capacity 7263K, committed 7296K, reserved 1048576K
Event: 12.383 GC heap after
Heap after GC invocations=13 (full 2):
 PSYoungGen      total 234496K, used 10233K [0x00000000d5580000, 0x00000000e8a80000, 0x0000000100000000)
  eden space 224256K, 0% used [0x00000000d5580000,0x00000000d5580000,0x00000000e3080000)
  from space 10240K, 99% used [0x00000000e3080000,0x00000000e3a7e500,0x00000000e3a80000)
  to   space 15872K, 0% used [0x00000000e7b00000,0x00000000e7b00000,0x00000000e8a80000)
 ParOldGen       total 90624K, used 29240K [0x0000000080000000, 0x0000000085880000, 0x00000000d5580000)
  object space 90624K, 32% used [0x0000000080000000,0x0000000081c8e360,0x0000000085880000)
 Metaspace       used 49487K, capacity 51868K, committed 52096K, reserved 1093632K
  class space    used 6829K, capacity 7263K, committed 7296K, reserved 1048576K
}
Event: 3305.162 GC heap before
{Heap before GC invocations=14 (full 2):
 PSYoungGen      total 234496K, used 172322K [0x00000000d5580000, 0x00000000e8a80000, 0x0000000100000000)
  eden space 224256K, 72% used [0x00000000d5580000,0x00000000df3ca458,0x00000000e3080000)
  from space 10240K, 99% used [0x00000000e3080000,0x00000000e3a7e500,0x00000000e3a80000)
  to   space 15872K, 0% used [0x00000000e7b00000,0x00000000e7b00000,0x00000000e8a80000)
 ParOldGen       total 90624K, used 29240K [0x0000000080000000, 0x0000000085880000, 0x00000000d5580000)
  object space 90624K, 32% used [0x0000000080000000,0x0000000081c8e360,0x0000000085880000)
 Metaspace       used 56364K, capacity 59028K, committed 59160K, reserved 1099776K
  class space    used 7520K, capacity 7973K, committed 8064K, reserved 1048576K
Event: 3305.197 GC heap after
Heap after GC invocations=14 (full 2):
 PSYoungGen      total 282624K, used 6679K [0x00000000d5580000, 0x00000000e8200000, 0x0000000100000000)
  eden space 275456K, 0% used [0x00000000d5580000,0x00000000d5580000,0x00000000e6280000)
  from space 7168K, 93% used [0x00000000e7b00000,0x00000000e8185f60,0x00000000e8200000)
  to   space 15360K, 0% used [0x00000000e6400000,0x00000000e6400000,0x00000000e7300000)
 ParOldGen       total 90624K, used 38063K [0x0000000080000000, 0x0000000085880000, 0x00000000d5580000)
  object space 90624K, 42% used [0x0000000080000000,0x000000008252bda0,0x0000000085880000)
 Metaspace       used 56364K, capacity 59028K, committed 59160K, reserved 1099776K
  class space    used 7520K, capacity 7973K, committed 8064K, reserved 1048576K
}
Event: 3305.197 GC heap before
{Heap before GC invocations=15 (full 3):
 PSYoungGen      total 282624K, used 6679K [0x00000000d5580000, 0x00000000e8200000, 0x0000000100000000)
  eden space 275456K, 0% used [0x00000000d5580000,0x00000000d5580000,0x00000000e6280000)
  from space 7168K, 93% used [0x00000000e7b00000,0x00000000e8185f60,0x00000000e8200000)
  to   space 15360K, 0% used [0x00000000e6400000,0x00000000e6400000,0x00000000e7300000)
 ParOldGen       total 90624K, used 38063K [0x0000000080000000, 0x0000000085880000, 0x00000000d5580000)
  object space 90624K, 42% used [0x0000000080000000,0x000000008252bda0,0x0000000085880000)
 Metaspace       used 56364K, capacity 59028K, committed 59160K, reserved 1099776K
  class space    used 7520K, capacity 7973K, committed 8064K, reserved 1048576K
Event: 3305.353 GC heap after
Heap after GC invocations=15 (full 3):
 PSYoungGen      total 282624K, used 0K [0x00000000d5580000, 0x00000000e8200000, 0x0000000100000000)
  eden space 275456K, 0% used [0x00000000d5580000,0x00000000d5580000,0x00000000e6280000)
  from space 7168K, 0% used [0x00000000e7b00000,0x00000000e7b00000,0x00000000e8200000)
  to   space 15360K, 0% used [0x00000000e6400000,0x00000000e6400000,0x00000000e7300000)
 ParOldGen       total 122880K, used 20518K [0x0000000080000000, 0x0000000087800000, 0x00000000d5580000)
  object space 122880K, 16% used [0x0000000080000000,0x0000000081409ba0,0x0000000087800000)
 Metaspace       used 56133K, capacity 58660K, committed 59160K, reserved 1099776K
  class space    used 7484K, capacity 7907K, committed 8064K, reserved 1048576K
}

