# JRE version: Java(TM) SE Runtime Environment (8.0_221-b11) (build 1.8.0_221-b11)
# Java VM: Java HotSpot(TM) 64-Bit Server VM (25.221-b11 mixed mode windows-amd64 compressed oops)
Heap:
 PSYoungGen      total 71680K, used 22751K [0x00000000d5580000, 0x00000000da080000, 0x0000000100000000)
  eden space 66560K, 26% used [0x00000000d5580000,0x00000000d66b7f58,0x00000000d9680000)
  from space 5120K, 100% used [0x00000000d9680000,0x00000000d9b80000,0x00000000d9b80000)
  to   space 5120K, 0% used [0x00000000d9b80000,0x00000000d9b80000,0x00000000da080000)
 ParOldGen       total 58880K, used 19719K [0x0000000080000000, 0x0000000083980000, 0x00000000d5580000)
  object space 58880K, 33% used [0x0000000080000000,0x0000000081341ec0,0x0000000083980000)
 Metaspace       used 32991K, capacity 34252K, committed 34304K, reserved 1079296K
  class space    used 4328K, capacity 4607K, committed 4608K, reserved 1048576K
GC Heap History (10 events):
Event: 10.739 GC heap before
{Heap before GC invocations=6 (full 1):
 PSYoungGen      total 71680K, used 5112K [0x00000000d5580000, 0x00000000da080000, 0x0000000100000000)
  eden space 66560K, 0% used [0x00000000d5580000,0x00000000d5580000,0x00000000d9680000)
  from space 5120K, 99% used [0x00000000d9680000,0x00000000d9b7e090,0x00000000d9b80000)
  to   space 5120K, 0% used [0x00000000d9b80000,0x00000000d9b80000,0x00000000da080000)
 ParOldGen       total 87552K, used 4511K [0x0000000080000000, 0x0000000085580000, 0x00000000d5580000)
  object space 87552K, 5% used [0x0000000080000000,0x0000000080467d88,0x0000000085580000)
 Metaspace       used 20574K, capacity 21150K, committed 21296K, reserved 1067008K
  class space    used 2682K, capacity 2838K, committed 2944K, reserved 1048576K
Event: 10.896 GC heap after
Heap after GC invocations=6 (full 1):
 PSYoungGen      total 71680K, used 0K [0x00000000d5580000, 0x00000000da080000, 0x0000000100000000)
  eden space 66560K, 0% used [0x00000000d5580000,0x00000000d5580000,0x00000000d9680000)
  from space 5120K, 0% used [0x00000000d9680000,0x00000000d9680000,0x00000000d9b80000)
  to   space 5120K, 0% used [0x00000000d9b80000,0x00000000d9b80000,0x00000000da080000)
 ParOldGen       total 58880K, used 8192K [0x0000000080000000, 0x0000000083980000, 0x00000000d5580000)
  object space 58880K, 13% used [0x0000000080000000,0x0000000080800120,0x0000000083980000)
 Metaspace       used 20574K, capacity 21150K, committed 21296K, reserved 1067008K
  class space    used 2682K, capacity 2838K, committed 2944K, reserved 1048576K
}
Event: 16.295 GC heap before
{Heap before GC invocations=7 (full 1):
 PSYoungGen      total 71680K, used 66560K [0x00000000d5580000, 0x00000000da080000, 0x0000000100000000)
  eden space 66560K, 100% used [0x00000000d5580000,0x00000000d9680000,0x00000000d9680000)
  from space 5120K, 0% used [0x00000000d9680000,0x00000000d9680000,0x00000000d9b80000)
  to   space 5120K, 0% used [0x00000000d9b80000,0x00000000d9b80000,0x00000000da080000)
 ParOldGen       total 58880K, used 8192K [0x0000000080000000, 0x0000000083980000, 0x00000000d5580000)
  object space 58880K, 13% used [0x0000000080000000,0x0000000080800120,0x0000000083980000)
 Metaspace       used 26067K, capacity 26980K, committed 27264K, reserved 1073152K
  class space    used 3427K, capacity 3645K, committed 3712K, reserved 1048576K
Event: 16.317 GC heap after
Heap after GC invocations=7 (full 1):
 PSYoungGen      total 71680K, used 5093K [0x00000000d5580000, 0x00000000da080000, 0x0000000100000000)
  eden space 66560K, 0% used [0x00000000d5580000,0x00000000d5580000,0x00000000d9680000)
  from space 5120K, 99% used [0x00000000d9b80000,0x00000000da079770,0x00000000da080000)
  to   space 5120K, 0% used [0x00000000d9680000,0x00000000d9680000,0x00000000d9b80000)
 ParOldGen       total 58880K, used 8576K [0x0000000080000000, 0x0000000083980000, 0x00000000d5580000)
  object space 58880K, 14% used [0x0000000080000000,0x00000000808602c8,0x0000000083980000)
 Metaspace       used 26067K, capacity 26980K, committed 27264K, reserved 1073152K
  class space    used 3427K, capacity 3645K, committed 3712K, reserved 1048576K
}
Event: 19.307 GC heap before
{Heap before GC invocations=8 (full 1):
 PSYoungGen      total 71680K, used 71653K [0x00000000d5580000, 0x00000000da080000, 0x0000000100000000)
  eden space 66560K, 99% used [0x00000000d5580000,0x00000000d967ff58,0x00000000d9680000)
  from space 5120K, 99% used [0x00000000d9b80000,0x00000000da079770,0x00000000da080000)
  to   space 5120K, 0% used [0x00000000d9680000,0x00000000d9680000,0x00000000d9b80000)
 ParOldGen       total 58880K, used 8576K [0x0000000080000000, 0x0000000083980000, 0x00000000d5580000)
  object space 58880K, 14% used [0x0000000080000000,0x00000000808602c8,0x0000000083980000)
 Metaspace       used 27469K, capacity 28480K, committed 28672K, reserved 1075200K
  class space    used 3591K, capacity 3827K, committed 3840K, reserved 1048576K
Event: 19.407 GC heap after
Heap after GC invocations=8 (full 1):
 PSYoungGen      total 71680K, used 5100K [0x00000000d5580000, 0x00000000da080000, 0x0000000100000000)
  eden space 66560K, 0% used [0x00000000d5580000,0x00000000d5580000,0x00000000d9680000)
  from space 5120K, 99% used [0x00000000d9680000,0x00000000d9b7b020,0x00000000d9b80000)
  to   space 5120K, 0% used [0x00000000d9b80000,0x00000000d9b80000,0x00000000da080000)
 ParOldGen       total 58880K, used 11062K [0x0000000080000000, 0x0000000083980000, 0x00000000d5580000)
  object space 58880K, 18% used [0x0000000080000000,0x0000000080acdbe0,0x0000000083980000)
 Metaspace       used 27469K, capacity 28480K, committed 28672K, reserved 1075200K
  class space    used 3591K, capacity 3827K, committed 3840K, reserved 1048576K
}
Event: 20.490 GC heap before
{Heap before GC invocations=9 (full 1):
 PSYoungGen      total 71680K, used 71660K [0x00000000d5580000, 0x00000000da080000, 0x0000000100000000)
  eden space 66560K, 100% used [0x00000000d5580000,0x00000000d9680000,0x00000000d9680000)
  from space 5120K, 99% used [0x00000000d9680000,0x00000000d9b7b020,0x00000000d9b80000)
  to   space 5120K, 0% used [0x00000000d9b80000,0x00000000d9b80000,0x00000000da080000)
 ParOldGen       total 58880K, used 11062K [0x0000000080000000, 0x0000000083980000, 0x00000000d5580000)
  object space 58880K, 18% used [0x0000000080000000,0x0000000080acdbe0,0x0000000083980000)
 Metaspace       used 28904K, capacity 29880K, committed 30208K, reserved 1075200K
  class space    used 3778K, capacity 4005K, committed 4096K, reserved 1048576K
Event: 20.536 GC heap after
Heap after GC invocations=9 (full 1):
 PSYoungGen      total 71680K, used 5104K [0x00000000d5580000, 0x00000000da080000, 0x0000000100000000)
  eden space 66560K, 0% used [0x00000000d5580000,0x00000000d5580000,0x00000000d9680000)
  from space 5120K, 99% used [0x00000000d9b80000,0x00000000da07c030,0x00000000da080000)
  to   space 5120K, 0% used [0x00000000d9680000,0x00000000d9680000,0x00000000d9b80000)
 ParOldGen       total 58880K, used 14059K [0x0000000080000000, 0x0000000083980000, 0x00000000d5580000)
  object space 58880K, 23% used [0x0000000080000000,0x0000000080dbaf58,0x0000000083980000)
 Metaspace       used 28904K, capacity 29880K, committed 30208K, reserved 1075200K
  class space    used 3778K, capacity 4005K, committed 4096K, reserved 1048576K
}
Event: 23.845 GC heap before
{Heap before GC invocations=10 (full 1):
 PSYoungGen      total 71680K, used 71664K [0x00000000d5580000, 0x00000000da080000, 0x0000000100000000)
  eden space 66560K, 100% used [0x00000000d5580000,0x00000000d9680000,0x00000000d9680000)
  from space 5120K, 99% used [0x00000000d9b80000,0x00000000da07c030,0x00000000da080000)
  to   space 5120K, 0% used [0x00000000d9680000,0x00000000d9680000,0x00000000d9b80000)
 ParOldGen       total 58880K, used 14059K [0x0000000080000000, 0x0000000083980000, 0x00000000d5580000)
  object space 58880K, 23% used [0x0000000080000000,0x0000000080dbaf58,0x0000000083980000)
 Metaspace       used 31988K, capacity 33308K, committed 33536K, reserved 1079296K
  class space    used 4233K, capacity 4509K, committed 4608K, reserved 1048576K
Event: 23.979 GC heap after
Heap after GC invocations=10 (full 1):
 PSYoungGen      total 71680K, used 5120K [0x00000000d5580000, 0x00000000da080000, 0x0000000100000000)
  eden space 66560K, 0% used [0x00000000d5580000,0x00000000d5580000,0x00000000d9680000)
  from space 5120K, 100% used [0x00000000d9680000,0x00000000d9b80000,0x00000000d9b80000)
  to   space 5120K, 0% used [0x00000000d9b80000,0x00000000d9b80000,0x00000000da080000)
 ParOldGen       total 58880K, used 19719K [0x0000000080000000, 0x0000000083980000, 0x00000000d5580000)
  object space 58880K, 33% used [0x0000000080000000,0x0000000081341ec0,0x0000000083980000)
 Metaspace       used 31988K, capacity 33308K, committed 33536K, reserved 1079296K
  class space    used 4233K, capacity 4509K, committed 4608K, reserved 1048576K
}

