# JRE version: Java(TM) SE Runtime Environment (8.0_221-b11) (build 1.8.0_221-b11)
# Java VM: Java HotSpot(TM) 64-Bit Server VM (25.221-b11 mixed mode windows-amd64 compressed oops)
Heap:
 PSYoungGen      total 559616K, used 58274K [0x00000000d5580000, 0x00000000fad00000, 0x0000000100000000)
  eden space 538112K, 6% used [0x00000000d5580000,0x00000000d796d9a0,0x00000000f6300000)
  from space 21504K, 99% used [0x00000000f7f00000,0x00000000f93faf98,0x00000000f9400000)
  to   space 28672K, 0% used [0x00000000f6300000,0x00000000f6300000,0x00000000f7f00000)
 ParOldGen       total 107520K, used 41921K [0x0000000080000000, 0x0000000086900000, 0x00000000d5580000)
  object space 107520K, 38% used [0x0000000080000000,0x00000000828f04f8,0x0000000086900000)
 Metaspace       used 79079K, capacity 82622K, committed 82712K, reserved 1120256K
  class space    used 10944K, capacity 11532K, committed 11560K, reserved 1048576K
GC Heap History (10 events):
Event: 26.125 GC heap after
Heap after GC invocations=8 (full 1):
 PSYoungGen      total 274944K, used 11745K [0x00000000d5580000, 0x00000000f0100000, 0x0000000100000000)
  eden space 263168K, 0% used [0x00000000d5580000,0x00000000d5580000,0x00000000e5680000)
  from space 11776K, 99% used [0x00000000e5680000,0x00000000e61f86c0,0x00000000e6200000)
  to   space 16384K, 0% used [0x00000000ef100000,0x00000000ef100000,0x00000000f0100000)
 ParOldGen       total 51200K, used 10406K [0x0000000080000000, 0x0000000083200000, 0x00000000d5580000)
  object space 51200K, 20% used [0x0000000080000000,0x0000000080a29a08,0x0000000083200000)
 Metaspace       used 34131K, capacity 35422K, committed 35496K, reserved 1079296K
  class space    used 4469K, capacity 4748K, committed 4776K, reserved 1048576K
}
Event: 26.125 GC heap before
{Heap before GC invocations=9 (full 2):
 PSYoungGen      total 274944K, used 11745K [0x00000000d5580000, 0x00000000f0100000, 0x0000000100000000)
  eden space 263168K, 0% used [0x00000000d5580000,0x00000000d5580000,0x00000000e5680000)
  from space 11776K, 99% used [0x00000000e5680000,0x00000000e61f86c0,0x00000000e6200000)
  to   space 16384K, 0% used [0x00000000ef100000,0x00000000ef100000,0x00000000f0100000)
 ParOldGen       total 51200K, used 10406K [0x0000000080000000, 0x0000000083200000, 0x00000000d5580000)
  object space 51200K, 20% used [0x0000000080000000,0x0000000080a29a08,0x0000000083200000)
 Metaspace       used 34131K, capacity 35422K, committed 35496K, reserved 1079296K
  class space    used 4469K, capacity 4748K, committed 4776K, reserved 1048576K
Event: 26.592 GC heap after
Heap after GC invocations=9 (full 2):
 PSYoungGen      total 274944K, used 0K [0x00000000d5580000, 0x00000000f0100000, 0x0000000100000000)
  eden space 263168K, 0% used [0x00000000d5580000,0x00000000d5580000,0x00000000e5680000)
  from space 11776K, 0% used [0x00000000e5680000,0x00000000e5680000,0x00000000e6200000)
  to   space 16384K, 0% used [0x00000000ef100000,0x00000000ef100000,0x00000000f0100000)
 ParOldGen       total 82944K, used 21236K [0x0000000080000000, 0x0000000085100000, 0x00000000d5580000)
  object space 82944K, 25% used [0x0000000080000000,0x00000000814bd020,0x0000000085100000)
 Metaspace       used 34131K, capacity 35422K, committed 35496K, reserved 1079296K
  class space    used 4469K, capacity 4748K, committed 4776K, reserved 1048576K
}
Event: 40.328 GC heap before
{Heap before GC invocations=10 (full 2):
 PSYoungGen      total 274944K, used 263168K [0x00000000d5580000, 0x00000000f0100000, 0x0000000100000000)
  eden space 263168K, 100% used [0x00000000d5580000,0x00000000e5680000,0x00000000e5680000)
  from space 11776K, 0% used [0x00000000e5680000,0x00000000e5680000,0x00000000e6200000)
  to   space 16384K, 0% used [0x00000000ef100000,0x00000000ef100000,0x00000000f0100000)
 ParOldGen       total 82944K, used 21236K [0x0000000080000000, 0x0000000085100000, 0x00000000d5580000)
  object space 82944K, 25% used [0x0000000080000000,0x00000000814bd020,0x0000000085100000)
 Metaspace       used 48083K, capacity 49922K, committed 50344K, reserved 1093632K
  class space    used 6432K, capacity 6764K, committed 6824K, reserved 1048576K
Event: 40.507 GC heap after
Heap after GC invocations=10 (full 2):
 PSYoungGen      total 418304K, used 16378K [0x00000000d5580000, 0x00000000f1f80000, 0x0000000100000000)
  eden space 401920K, 0% used [0x00000000d5580000,0x00000000d5580000,0x00000000ede00000)
  from space 16384K, 99% used [0x00000000ef100000,0x00000000f00feb58,0x00000000f0100000)
  to   space 19456K, 0% used [0x00000000ede00000,0x00000000ede00000,0x00000000ef100000)
 ParOldGen       total 82944K, used 22355K [0x0000000080000000, 0x0000000085100000, 0x00000000d5580000)
  object space 82944K, 26% used [0x0000000080000000,0x00000000815d4e98,0x0000000085100000)
 Metaspace       used 48083K, capacity 49922K, committed 50344K, reserved 1093632K
  class space    used 6432K, capacity 6764K, committed 6824K, reserved 1048576K
}
Event: 48.167 GC heap before
{Heap before GC invocations=11 (full 2):
 PSYoungGen      total 418304K, used 174683K [0x00000000d5580000, 0x00000000f1f80000, 0x0000000100000000)
  eden space 401920K, 39% used [0x00000000d5580000,0x00000000df0180d8,0x00000000ede00000)
  from space 16384K, 99% used [0x00000000ef100000,0x00000000f00feb58,0x00000000f0100000)
  to   space 19456K, 0% used [0x00000000ede00000,0x00000000ede00000,0x00000000ef100000)
 ParOldGen       total 82944K, used 22355K [0x0000000080000000, 0x0000000085100000, 0x00000000d5580000)
  object space 82944K, 26% used [0x0000000080000000,0x00000000815d4e98,0x0000000085100000)
 Metaspace       used 56849K, capacity 59126K, committed 59160K, reserved 1099776K
  class space    used 7806K, capacity 8208K, committed 8232K, reserved 1048576K
Event: 48.278 GC heap after
Heap after GC invocations=11 (full 2):
 PSYoungGen      total 421376K, used 16947K [0x00000000d5580000, 0x00000000f9400000, 0x0000000100000000)
  eden space 401920K, 0% used [0x00000000d5580000,0x00000000d5580000,0x00000000ede00000)
  from space 19456K, 87% used [0x00000000ede00000,0x00000000eee8ccf0,0x00000000ef100000)
  to   space 21504K, 0% used [0x00000000f7f00000,0x00000000f7f00000,0x00000000f9400000)
 ParOldGen       total 82944K, used 22363K [0x0000000080000000, 0x0000000085100000, 0x00000000d5580000)
  object space 82944K, 26% used [0x0000000080000000,0x00000000815d6e98,0x0000000085100000)
 Metaspace       used 56849K, capacity 59126K, committed 59160K, reserved 1099776K
  class space    used 7806K, capacity 8208K, committed 8232K, reserved 1048576K
}
Event: 48.278 GC heap before
{Heap before GC invocations=12 (full 3):
 PSYoungGen      total 421376K, used 16947K [0x00000000d5580000, 0x00000000f9400000, 0x0000000100000000)
  eden space 401920K, 0% used [0x00000000d5580000,0x00000000d5580000,0x00000000ede00000)
  from space 19456K, 87% used [0x00000000ede00000,0x00000000eee8ccf0,0x00000000ef100000)
  to   space 21504K, 0% used [0x00000000f7f00000,0x00000000f7f00000,0x00000000f9400000)
 ParOldGen       total 82944K, used 22363K [0x0000000080000000, 0x0000000085100000, 0x00000000d5580000)
  object space 82944K, 26% used [0x0000000080000000,0x00000000815d6e98,0x0000000085100000)
 Metaspace       used 56849K, capacity 59126K, committed 59160K, reserved 1099776K
  class space    used 7806K, capacity 8208K, committed 8232K, reserved 1048576K
Event: 49.081 GC heap after
Heap after GC invocations=12 (full 3):
 PSYoungGen      total 421376K, used 0K [0x00000000d5580000, 0x00000000f9400000, 0x0000000100000000)
  eden space 401920K, 0% used [0x00000000d5580000,0x00000000d5580000,0x00000000ede00000)
  from space 19456K, 0% used [0x00000000ede00000,0x00000000ede00000,0x00000000ef100000)
  to   space 21504K, 0% used [0x00000000f7f00000,0x00000000f7f00000,0x00000000f9400000)
 ParOldGen       total 107520K, used 31103K [0x0000000080000000, 0x0000000086900000, 0x00000000d5580000)
  object space 107520K, 28% used [0x0000000080000000,0x0000000081e5fd38,0x0000000086900000)
 Metaspace       used 56849K, capacity 59126K, committed 59160K, reserved 1099776K
  class space    used 7806K, capacity 8208K, committed 8232K, reserved 1048576K
}
Event: 544.516 GC heap before
{Heap before GC invocations=13 (full 3):
 PSYoungGen      total 421376K, used 401920K [0x00000000d5580000, 0x00000000f9400000, 0x0000000100000000)
  eden space 401920K, 100% used [0x00000000d5580000,0x00000000ede00000,0x00000000ede00000)
  from space 19456K, 0% used [0x00000000ede00000,0x00000000ede00000,0x00000000ef100000)
  to   space 21504K, 0% used [0x00000000f7f00000,0x00000000f7f00000,0x00000000f9400000)
 ParOldGen       total 107520K, used 31103K [0x0000000080000000, 0x0000000086900000, 0x00000000d5580000)
  object space 107520K, 28% used [0x0000000080000000,0x0000000081e5fd38,0x0000000086900000)
 Metaspace       used 77964K, capacity 81450K, committed 81560K, reserved 1120256K
  class space    used 10775K, capacity 11360K, committed 11432K, reserved 1048576K

