# JRE version: Java(TM) SE Runtime Environment (8.0_221-b11) (build 1.8.0_221-b11)
# Java VM: Java HotSpot(TM) 64-Bit Server VM (25.221-b11 mixed mode windows-amd64 compressed oops)
Heap:
 PSYoungGen      total 71680K, used 60605K [0x00000000d5580000, 0x00000000da080000, 0x0000000100000000)
  eden space 66560K, 91% used [0x00000000d5580000,0x00000000d90af598,0x00000000d9680000)
  from space 5120K, 0% used [0x00000000d9680000,0x00000000d9680000,0x00000000d9b80000)
  to   space 5120K, 0% used [0x00000000d9b80000,0x00000000d9b80000,0x00000000da080000)
 ParOldGen       total 70144K, used 9208K [0x0000000080000000, 0x0000000084480000, 0x00000000d5580000)
  object space 70144K, 13% used [0x0000000080000000,0x00000000808fe218,0x0000000084480000)
 Metaspace       used 25841K, capacity 26782K, committed 27008K, reserved 1073152K
  class space    used 3416K, capacity 3644K, committed 3712K, reserved 1048576K
GC Heap History (10 events):
Event: 4.752 GC heap before
{Heap before GC invocations=2 (full 0):
 PSYoungGen      total 38400K, used 37126K [0x00000000d5580000, 0x00000000d8000000, 0x0000000100000000)
  eden space 33280K, 100% used [0x00000000d5580000,0x00000000d7600000,0x00000000d7600000)
  from space 5120K, 75% used [0x00000000d7600000,0x00000000d79c1b38,0x00000000d7b00000)
  to   space 5120K, 0% used [0x00000000d7b00000,0x00000000d7b00000,0x00000000d8000000)
 ParOldGen       total 87552K, used 8K [0x0000000080000000, 0x0000000085580000, 0x00000000d5580000)
  object space 87552K, 0% used [0x0000000080000000,0x0000000080002000,0x0000000085580000)
 Metaspace       used 11334K, capacity 11688K, committed 11776K, reserved 1058816K
  class space    used 1393K, capacity 1521K, committed 1536K, reserved 1048576K
Event: 4.780 GC heap after
Heap after GC invocations=2 (full 0):
 PSYoungGen      total 38400K, used 4633K [0x00000000d5580000, 0x00000000da080000, 0x0000000100000000)
  eden space 33280K, 0% used [0x00000000d5580000,0x00000000d5580000,0x00000000d7600000)
  from space 5120K, 90% used [0x00000000d7b00000,0x00000000d7f86468,0x00000000d8000000)
  to   space 5120K, 0% used [0x00000000d7600000,0x00000000d7600000,0x00000000d7b00000)
 ParOldGen       total 87552K, used 16K [0x0000000080000000, 0x0000000085580000, 0x00000000d5580000)
  object space 87552K, 0% used [0x0000000080000000,0x0000000080004000,0x0000000085580000)
 Metaspace       used 11334K, capacity 11688K, committed 11776K, reserved 1058816K
  class space    used 1393K, capacity 1521K, committed 1536K, reserved 1048576K
}
Event: 5.433 GC heap before
{Heap before GC invocations=3 (full 0):
 PSYoungGen      total 38400K, used 37913K [0x00000000d5580000, 0x00000000da080000, 0x0000000100000000)
  eden space 33280K, 100% used [0x00000000d5580000,0x00000000d7600000,0x00000000d7600000)
  from space 5120K, 90% used [0x00000000d7b00000,0x00000000d7f86468,0x00000000d8000000)
  to   space 5120K, 0% used [0x00000000d7600000,0x00000000d7600000,0x00000000d7b00000)
 ParOldGen       total 87552K, used 16K [0x0000000080000000, 0x0000000085580000, 0x00000000d5580000)
  object space 87552K, 0% used [0x0000000080000000,0x0000000080004000,0x0000000085580000)
 Metaspace       used 12715K, capacity 13136K, committed 13312K, reserved 1060864K
  class space    used 1662K, capacity 1777K, committed 1792K, reserved 1048576K
Event: 5.471 GC heap after
Heap after GC invocations=3 (full 0):
 PSYoungGen      total 38400K, used 4206K [0x00000000d5580000, 0x00000000da080000, 0x0000000100000000)
  eden space 33280K, 0% used [0x00000000d5580000,0x00000000d5580000,0x00000000d7600000)
  from space 5120K, 82% used [0x00000000d7600000,0x00000000d7a1b800,0x00000000d7b00000)
  to   space 5120K, 0% used [0x00000000d9b80000,0x00000000d9b80000,0x00000000da080000)
 ParOldGen       total 87552K, used 24K [0x0000000080000000, 0x0000000085580000, 0x00000000d5580000)
  object space 87552K, 0% used [0x0000000080000000,0x0000000080006000,0x0000000085580000)
 Metaspace       used 12715K, capacity 13136K, committed 13312K, reserved 1060864K
  class space    used 1662K, capacity 1777K, committed 1792K, reserved 1048576K
}
Event: 6.921 GC heap before
{Heap before GC invocations=4 (full 0):
 PSYoungGen      total 38400K, used 37486K [0x00000000d5580000, 0x00000000da080000, 0x0000000100000000)
  eden space 33280K, 100% used [0x00000000d5580000,0x00000000d7600000,0x00000000d7600000)
  from space 5120K, 82% used [0x00000000d7600000,0x00000000d7a1b800,0x00000000d7b00000)
  to   space 5120K, 0% used [0x00000000d9b80000,0x00000000d9b80000,0x00000000da080000)
 ParOldGen       total 87552K, used 24K [0x0000000080000000, 0x0000000085580000, 0x00000000d5580000)
  object space 87552K, 0% used [0x0000000080000000,0x0000000080006000,0x0000000085580000)
 Metaspace       used 14728K, capacity 15200K, committed 15488K, reserved 1062912K
  class space    used 1965K, capacity 2129K, committed 2176K, reserved 1048576K
Event: 6.962 GC heap after
Heap after GC invocations=4 (full 0):
 PSYoungGen      total 71680K, used 5103K [0x00000000d5580000, 0x00000000da080000, 0x0000000100000000)
  eden space 66560K, 0% used [0x00000000d5580000,0x00000000d5580000,0x00000000d9680000)
  from space 5120K, 99% used [0x00000000d9b80000,0x00000000da07be98,0x00000000da080000)
  to   space 5120K, 0% used [0x00000000d9680000,0x00000000d9680000,0x00000000d9b80000)
 ParOldGen       total 87552K, used 454K [0x0000000080000000, 0x0000000085580000, 0x00000000d5580000)
  object space 87552K, 0% used [0x0000000080000000,0x00000000800719f0,0x0000000085580000)
 Metaspace       used 14728K, capacity 15200K, committed 15488K, reserved 1062912K
  class space    used 1965K, capacity 2129K, committed 2176K, reserved 1048576K
}
Event: 8.948 GC heap before
{Heap before GC invocations=5 (full 0):
 PSYoungGen      total 71680K, used 63382K [0x00000000d5580000, 0x00000000da080000, 0x0000000100000000)
  eden space 66560K, 87% used [0x00000000d5580000,0x00000000d8e69aa8,0x00000000d9680000)
  from space 5120K, 99% used [0x00000000d9b80000,0x00000000da07be98,0x00000000da080000)
  to   space 5120K, 0% used [0x00000000d9680000,0x00000000d9680000,0x00000000d9b80000)
 ParOldGen       total 87552K, used 454K [0x0000000080000000, 0x0000000085580000, 0x00000000d5580000)
  object space 87552K, 0% used [0x0000000080000000,0x00000000800719f0,0x0000000085580000)
 Metaspace       used 20672K, capacity 21206K, committed 21296K, reserved 1067008K
  class space    used 2727K, capacity 2896K, committed 2944K, reserved 1048576K
Event: 8.987 GC heap after
Heap after GC invocations=5 (full 0):
 PSYoungGen      total 71680K, used 5099K [0x00000000d5580000, 0x00000000da080000, 0x0000000100000000)
  eden space 66560K, 0% used [0x00000000d5580000,0x00000000d5580000,0x00000000d9680000)
  from space 5120K, 99% used [0x00000000d9680000,0x00000000d9b7af30,0x00000000d9b80000)
  to   space 5120K, 0% used [0x00000000d9b80000,0x00000000d9b80000,0x00000000da080000)
 ParOldGen       total 87552K, used 4802K [0x0000000080000000, 0x0000000085580000, 0x00000000d5580000)
  object space 87552K, 5% used [0x0000000080000000,0x00000000804b09e0,0x0000000085580000)
 Metaspace       used 20672K, capacity 21206K, committed 21296K, reserved 1067008K
  class space    used 2727K, capacity 2896K, committed 2944K, reserved 1048576K
}
Event: 8.987 GC heap before
{Heap before GC invocations=6 (full 1):
 PSYoungGen      total 71680K, used 5099K [0x00000000d5580000, 0x00000000da080000, 0x0000000100000000)
  eden space 66560K, 0% used [0x00000000d5580000,0x00000000d5580000,0x00000000d9680000)
  from space 5120K, 99% used [0x00000000d9680000,0x00000000d9b7af30,0x00000000d9b80000)
  to   space 5120K, 0% used [0x00000000d9b80000,0x00000000d9b80000,0x00000000da080000)
 ParOldGen       total 87552K, used 4802K [0x0000000080000000, 0x0000000085580000, 0x00000000d5580000)
  object space 87552K, 5% used [0x0000000080000000,0x00000000804b09e0,0x0000000085580000)
 Metaspace       used 20672K, capacity 21206K, committed 21296K, reserved 1067008K
  class space    used 2727K, capacity 2896K, committed 2944K, reserved 1048576K
Event: 9.593 GC heap after
Heap after GC invocations=6 (full 1):
 PSYoungGen      total 71680K, used 0K [0x00000000d5580000, 0x00000000da080000, 0x0000000100000000)
  eden space 66560K, 0% used [0x00000000d5580000,0x00000000d5580000,0x00000000d9680000)
  from space 5120K, 0% used [0x00000000d9680000,0x00000000d9680000,0x00000000d9b80000)
  to   space 5120K, 0% used [0x00000000d9b80000,0x00000000d9b80000,0x00000000da080000)
 ParOldGen       total 70144K, used 9208K [0x0000000080000000, 0x0000000084480000, 0x00000000d5580000)
  object space 70144K, 13% used [0x0000000080000000,0x00000000808fe218,0x0000000084480000)
 Metaspace       used 20672K, capacity 21206K, committed 21296K, reserved 1067008K
  class space    used 2727K, capacity 2896K, committed 2944K, reserved 1048576K
}

